# JRE version: Java(TM) SE Runtime Environment (8.0_291-b10) (build 1.8.0_291-b10)
# Java VM: Java HotSpot(TM) 64-Bit Server VM (25.291-b10 mixed mode windows-amd64 compressed oops)
Heap:
 PSYoungGen      total 314880K, used 7715K [0x00000000eab00000, 0x0000000100000000, 0x0000000100000000)
  eden space 280576K, 2% used [0x00000000eab00000,0x00000000eb288fb8,0x00000000fbd00000)
  from space 34304K, 0% used [0x00000000fbd00000,0x00000000fbd00000,0x00000000fde80000)
  to   space 34304K, 0% used [0x00000000fde80000,0x00000000fde80000,0x0000000100000000)
 ParOldGen       total 175104K, used 72247K [0x00000000c0000000, 0x00000000cab00000, 0x00000000eab00000)
  object space 175104K, 41% used [0x00000000c0000000,0x00000000c468df38,0x00000000cab00000)
 Metaspace       used 13647K, capacity 14298K, committed 14592K, reserved 1060864K
  class space    used 2043K, capacity 2214K, committed 2304K, reserved 1048576K
GC Heap History (10 events):
Event: 16.816 GC heap before
{Heap before GC invocations=24 (full 9):
 PSYoungGen      total 288256K, used 262144K [0x00000000eab00000, 0x00000000fdf00000, 0x0000000100000000)
  eden space 262144K, 100% used [0x00000000eab00000,0x00000000fab00000,0x00000000fab00000)
  from space 26112K, 0% used [0x00000000fc580000,0x00000000fc580000,0x00000000fdf00000)
  to   space 26624K, 0% used [0x00000000fab00000,0x00000000fab00000,0x00000000fc500000)
 ParOldGen       total 175104K, used 52825K [0x00000000c0000000, 0x00000000cab00000, 0x00000000eab00000)
  object space 175104K, 30% used [0x00000000c0000000,0x00000000c3396748,0x00000000cab00000)
 Metaspace       used 13416K, capacity 14044K, committed 14336K, reserved 1060864K
  class space    used 2022K, capacity 2177K, committed 2304K, reserved 1048576K
Event: 16.870 GC heap after
Heap after GC invocations=24 (full 9):
 PSYoungGen      total 288768K, used 26624K [0x00000000eab00000, 0x0000000100000000, 0x0000000100000000)
  eden space 262144K, 0% used [0x00000000eab00000,0x00000000eab00000,0x00000000fab00000)
  from space 26624K, 100% used [0x00000000fab00000,0x00000000fc500000,0x00000000fc500000)
  to   space 32256K, 0% used [0x00000000fe080000,0x00000000fe080000,0x0000000100000000)
 ParOldGen       total 175104K, used 54775K [0x00000000c0000000, 0x00000000cab00000, 0x00000000eab00000)
  object space 175104K, 31% used [0x00000000c0000000,0x00000000c357dc40,0x00000000cab00000)
 Metaspace       used 13416K, capacity 14044K, committed 14336K, reserved 1060864K
  class space    used 2022K, capacity 2177K, committed 2304K, reserved 1048576K
}
Event: 16.934 GC heap before
{Heap before GC invocations=25 (full 9):
 PSYoungGen      total 288768K, used 32129K [0x00000000eab00000, 0x0000000100000000, 0x0000000100000000)
  eden space 262144K, 2% used [0x00000000eab00000,0x00000000eb0604f8,0x00000000fab00000)
  from space 26624K, 100% used [0x00000000fab00000,0x00000000fc500000,0x00000000fc500000)
  to   space 32256K, 0% used [0x00000000fe080000,0x00000000fe080000,0x0000000100000000)
 ParOldGen       total 175104K, used 54775K [0x00000000c0000000, 0x00000000cab00000, 0x00000000eab00000)
  object space 175104K, 31% used [0x00000000c0000000,0x00000000c357dc40,0x00000000cab00000)
 Metaspace       used 13555K, capacity 14210K, committed 14336K, reserved 1060864K
  class space    used 2026K, capacity 2210K, committed 2304K, reserved 1048576K
Event: 16.959 GC heap after
Heap after GC invocations=25 (full 9):
 PSYoungGen      total 312832K, used 23052K [0x00000000eab00000, 0x0000000100000000, 0x0000000100000000)
  eden space 280576K, 0% used [0x00000000eab00000,0x00000000eab00000,0x00000000fbd00000)
  from space 32256K, 71% used [0x00000000fe080000,0x00000000ff703088,0x0000000100000000)
  to   space 34304K, 0% used [0x00000000fbd00000,0x00000000fbd00000,0x00000000fde80000)
 ParOldGen       total 175104K, used 54775K [0x00000000c0000000, 0x00000000cab00000, 0x00000000eab00000)
  object space 175104K, 31% used [0x00000000c0000000,0x00000000c357dc40,0x00000000cab00000)
 Metaspace       used 13555K, capacity 14210K, committed 14336K, reserved 1060864K
  class space    used 2026K, capacity 2210K, committed 2304K, reserved 1048576K
}
Event: 16.959 GC heap before
{Heap before GC invocations=26 (full 10):
 PSYoungGen      total 312832K, used 23052K [0x00000000eab00000, 0x0000000100000000, 0x0000000100000000)
  eden space 280576K, 0% used [0x00000000eab00000,0x00000000eab00000,0x00000000fbd00000)
  from space 32256K, 71% used [0x00000000fe080000,0x00000000ff703088,0x0000000100000000)
  to   space 34304K, 0% used [0x00000000fbd00000,0x00000000fbd00000,0x00000000fde80000)
 ParOldGen       total 175104K, used 54775K [0x00000000c0000000, 0x00000000cab00000, 0x00000000eab00000)
  object space 175104K, 31% used [0x00000000c0000000,0x00000000c357dc40,0x00000000cab00000)
 Metaspace       used 13555K, capacity 14210K, committed 14336K, reserved 1060864K
  class space    used 2026K, capacity 2210K, committed 2304K, reserved 1048576K
Event: 17.349 GC heap after
Heap after GC invocations=26 (full 10):
 PSYoungGen      total 312832K, used 0K [0x00000000eab00000, 0x0000000100000000, 0x0000000100000000)
  eden space 280576K, 0% used [0x00000000eab00000,0x00000000eab00000,0x00000000fbd00000)
  from space 32256K, 0% used [0x00000000fe080000,0x00000000fe080000,0x0000000100000000)
  to   space 34304K, 0% used [0x00000000fbd00000,0x00000000fbd00000,0x00000000fde80000)
 ParOldGen       total 175104K, used 72374K [0x00000000c0000000, 0x00000000cab00000, 0x00000000eab00000)
  object space 175104K, 41% used [0x00000000c0000000,0x00000000c46ada18,0x00000000cab00000)
 Metaspace       used 13555K, capacity 14210K, committed 14336K, reserved 1060864K
  class space    used 2026K, capacity 2210K, committed 2304K, reserved 1048576K
}
Event: 17.400 GC heap before
{Heap before GC invocations=27 (full 10):
 PSYoungGen      total 312832K, used 7716K [0x00000000eab00000, 0x0000000100000000, 0x0000000100000000)
  eden space 280576K, 2% used [0x00000000eab00000,0x00000000eb289008,0x00000000fbd00000)
  from space 32256K, 0% used [0x00000000fe080000,0x00000000fe080000,0x0000000100000000)
  to   space 34304K, 0% used [0x00000000fbd00000,0x00000000fbd00000,0x00000000fde80000)
 ParOldGen       total 175104K, used 72374K [0x00000000c0000000, 0x00000000cab00000, 0x00000000eab00000)
  object space 175104K, 41% used [0x00000000c0000000,0x00000000c46ada18,0x00000000cab00000)
 Metaspace       used 13631K, capacity 14298K, committed 14592K, reserved 1060864K
  class space    used 2041K, capacity 2214K, committed 2304K, reserved 1048576K
Event: 17.401 GC heap after
Heap after GC invocations=27 (full 10):
 PSYoungGen      total 314880K, used 224K [0x00000000eab00000, 0x0000000100000000, 0x0000000100000000)
  eden space 280576K, 0% used [0x00000000eab00000,0x00000000eab00000,0x00000000fbd00000)
  from space 34304K, 0% used [0x00000000fbd00000,0x00000000fbd38000,0x00000000fde80000)
  to   space 34304K, 0% used [0x00000000fde80000,0x00000000fde80000,0x0000000100000000)
 ParOldGen       total 175104K, used 72382K [0x00000000c0000000, 0x00000000cab00000, 0x00000000eab00000)
  object space 175104K, 41% used [0x00000000c0000000,0x00000000c46afa18,0x00000000cab00000)
 Metaspace       used 13631K, capacity 14298K, committed 14592K, reserved 1060864K
  class space    used 2041K, capacity 2214K, committed 2304K, reserved 1048576K
}
Event: 17.401 GC heap before
{Heap before GC invocations=28 (full 11):
 PSYoungGen      total 314880K, used 224K [0x00000000eab00000, 0x0000000100000000, 0x0000000100000000)
  eden space 280576K, 0% used [0x00000000eab00000,0x00000000eab00000,0x00000000fbd00000)
  from space 34304K, 0% used [0x00000000fbd00000,0x00000000fbd38000,0x00000000fde80000)
  to   space 34304K, 0% used [0x00000000fde80000,0x00000000fde80000,0x0000000100000000)
 ParOldGen       total 175104K, used 72382K [0x00000000c0000000, 0x00000000cab00000, 0x00000000eab00000)
  object space 175104K, 41% used [0x00000000c0000000,0x00000000c46afa18,0x00000000cab00000)
 Metaspace       used 13631K, capacity 14298K, committed 14592K, reserved 1060864K
  class space    used 2041K, capacity 2214K, committed 2304K, reserved 1048576K
Event: 17.883 GC heap after
Heap after GC invocations=28 (full 11):
 PSYoungGen      total 314880K, used 0K [0x00000000eab00000, 0x0000000100000000, 0x0000000100000000)
  eden space 280576K, 0% used [0x00000000eab00000,0x00000000eab00000,0x00000000fbd00000)
  from space 34304K, 0% used [0x00000000fbd00000,0x00000000fbd00000,0x00000000fde80000)
  to   space 34304K, 0% used [0x00000000fde80000,0x00000000fde80000,0x0000000100000000)
 ParOldGen       total 175104K, used 72247K [0x00000000c0000000, 0x00000000cab00000, 0x00000000eab00000)
  object space 175104K, 41% used [0x00000000c0000000,0x00000000c468df38,0x00000000cab00000)
 Metaspace       used 13631K, capacity 14298K, committed 14592K, reserved 1060864K
  class space    used 2041K, capacity 2214K, committed 2304K, reserved 1048576K
}

